<?xml version="1.0" encoding="UTF-8"?>
<!-- Generated by org.testng.reporters.JUnitReportReporter -->
<testsuite skipped="0" hostname="Balus-MBP" name="com.iPivot.DataDrivenApp.Test.ForgotPassword" tests="2" failures="0" timestamp="2020-05-13T17:48:07 EDT" time="22.861" errors="0">
  <testcase name="forgotPassword" time="10.283" classname="com.iPivot.DataDrivenApp.Test.ForgotPassword"/>
  <system-out/>
  <testcase name="forgotPassword" time="12.578" classname="com.iPivot.DataDrivenApp.Test.ForgotPassword"/>
  <system-out/>
</testsuite> <!-- com.iPivot.DataDrivenApp.Test.ForgotPassword -->
