<?xml version="1.0" encoding="UTF-8"?>
<!-- Generated by org.testng.reporters.JUnitReportReporter -->
<testsuite skipped="0" hostname="Balus-MBP" name="com.iPivot.DataDrivenApp.Test.LoginTest" tests="2" failures="0" timestamp="2020-05-12T23:50:42 EDT" time="41.458" errors="0">
  <testcase name="loginTestCase" time="20.823" classname="com.iPivot.DataDrivenApp.Test.LoginTest"/>
  <system-out/>
  <testcase name="loginTestCase" time="20.635" classname="com.iPivot.DataDrivenApp.Test.LoginTest"/>
  <system-out/>
</testsuite> <!-- com.iPivot.DataDrivenApp.Test.LoginTest -->
