<?xml version="1.0" encoding="UTF-8"?>
<!-- Generated by org.testng.reporters.JUnitReportReporter -->
<testsuite skipped="0" hostname="Balus-MBP" name="com.iPivot.RestLearning.RestLearning.RestAPICode" tests="12" failures="0" timestamp="2020-05-12T06:56:29 EDT" time="23.058" errors="0">
  <testcase name="getWeather" time="0.561" classname="com.iPivot.RestLearning.RestLearning.RestAPICode"/>
  <testcase name="getWeather" time="0.461" classname="com.iPivot.RestLearning.RestLearning.RestAPICode"/>
  <testcase name="RegistrationSuccessful" time="13.660" classname="com.iPivot.RestLearning.RestLearning.RestAPICode"/>
  <testcase name="getWeather" time="0.545" classname="com.iPivot.RestLearning.RestLearning.RestAPICode"/>
  <testcase name="getWeather" time="0.393" classname="com.iPivot.RestLearning.RestLearning.RestAPICode"/>
  <testcase name="getWeather" time="0.461" classname="com.iPivot.RestLearning.RestLearning.RestAPICode"/>
  <testcase name="getWeather" time="0.622" classname="com.iPivot.RestLearning.RestLearning.RestAPICode"/>
  <testcase name="RegistrationSuccessful" time="0.276" classname="com.iPivot.RestLearning.RestLearning.RestAPICode"/>
  <testcase name="getWeather" time="0.625" classname="com.iPivot.RestLearning.RestLearning.RestAPICode"/>
  <testcase name="getWeather" time="0.410" classname="com.iPivot.RestLearning.RestLearning.RestAPICode"/>
  <testcase name="getWeather" time="4.639" classname="com.iPivot.RestLearning.RestLearning.RestAPICode"/>
  <testcase name="getWeather" time="0.405" classname="com.iPivot.RestLearning.RestLearning.RestAPICode"/>
</testsuite> <!-- com.iPivot.RestLearning.RestLearning.RestAPICode -->
